#
# A fatal error has been detected by the Java Runtime Environment:
#
#  EXCEPTION_ACCESS_VIOLATION (0xc0000005) at pc=0x0000022a00030fa4, pid=18836, tid=27000
#
# JRE version: OpenJDK Runtime Environment Temurin-21.0.4+7 (21.0.4+7) (build 21.0.4+7-LTS)
# Java VM: OpenJDK 64-Bit Server VM Temurin-21.0.4+7 (21.0.4+7-LTS, mixed mode, emulated-client, tiered, compressed oops, compressed class ptrs, g1 gc, windows-amd64)
# Problematic frame:
# v  ~BufferBlob::MethodHandles adapters 0x0000022a00030fa4
#
# No core dump will be written. Minidumps are not enabled by default on client versions of Windows
#
# If you would like to submit a bug report, please visit:
#   https://github.com/adoptium/adoptium-support/issues
#

---------------  S U M M A R Y ------------

Command Line: -XX:+ShowCodeDetailsInExceptionMessages -agentlib:jdwp=transport=dt_socket,suspend=y,address=localhost:53837 -Dcom.sun.management.jmxremote -Dcom.sun.management.jmxremote.port=53835 -Dcom.sun.management.jmxremote.authenticate=false -Dcom.sun.management.jmxremote.ssl=false -Djava.rmi.server.hostname=localhost -Dspring.jmx.enabled=true -Dmanagement.endpoints.jmx.exposure.include=* -Dspring.application.admin.enabled=true -XX:TieredStopAtLevel=1 -Dspring.boot.project.name=APISample -javaagent:C:\Users\Pablo\.eclipse\org.eclipse.platform_4.33.0_1642973728_win32_win32_x86_64\configuration\org.eclipse.osgi\446\0\.cp\lib\javaagent-shaded.jar -Dfile.encoding=UTF-8 -Dstdout.encoding=UTF-8 -Dstderr.encoding=UTF-8 br.edu.atitus.apisample.ApiSampleApplication --spring.output.ansi.enabled=always

Host: Intel(R) Core(TM) i3-7020U CPU @ 2.30GHz, 4 cores, 15G,  Windows 10 , 64 bit Build 19041 (10.0.19041.4717)
Time: Wed Nov  6 21:40:01 2024 Hora oficial do Brasil elapsed time: 678.576244 seconds (0d 0h 11m 18s)

---------------  T H R E A D  ---------------

Current thread (0x0000022a0fb5fc60):  JavaThread "http-nio-8080-exec-1" daemon [_thread_in_Java, id=27000, stack(0x000000a041100000,0x000000a041200000) (1024K)]

Stack: [0x000000a041100000,0x000000a041200000],  sp=0x000000a0411fd748,  free space=1013k
Native frames: (J=compiled Java code, j=interpreted, Vv=VM code, C=native code)
C  0x0000022a00030fa4

The last pc belongs to _linkToVirtual (printed below).

siginfo: EXCEPTION_ACCESS_VIOLATION (0xc0000005), reading address 0x000000080a3ec9ca


Registers:
RAX=0x0000022a0000958b, RBX=0x00000007029f9a68, RCX=0x000000a0411fd750, RDX=0x0000000000000002
RSP=0x000000a0411fd748, RBP=0x000000a0411fd798, RSI=0x0000022a0e76b2a8, RDI=0x0000022a0e7f72d0
R8 =0x0000000000000004, R9 =0x0000000000000004, R10=0x000000080a3ec7ba, R11=0x0000000000000009
R12=0x0000000000000000, R13=0x000000a0411fd748, R14=0x000000a0411fd7b8, R15=0x0000022a0fb5fc60
RIP=0x0000022a00030fa4, EFLAGS=0x0000000000010202


Register to memory mapping:

RAX=0x0000022a0000958b is at code_begin+4363 in an Interpreter codelet
return entry points  [0x0000022a00008480, 0x0000022a0000a298]  7704 bytes
RBX=0x00000007029f9a68 is an oop: br.edu.atitus.apisample.controllers.StatusController 
{0x00000007029f9a68} - klass: 'br/edu/atitus/apisample/controllers/StatusController'
 - ---- fields (total size 2 words):
RCX=0x000000a0411fd750 is pointing into the stack for thread: 0x0000022a0fb5fc60
RDX=0x0000000000000002 is an unknown value
RSP=0x000000a0411fd748 is pointing into the stack for thread: 0x0000022a0fb5fc60
RBP=0x000000a0411fd798 is pointing into the stack for thread: 0x0000022a0fb5fc60
RSI=0x0000022a0e76b2a8 points into unknown readable memory: 0x880016ff76260764 | 64 07 26 76 ff 16 00 88
RDI=0x0000022a0e7f72d0 points into unknown readable memory: 0x0000001800000060 | 60 00 00 00 18 00 00 00
R8 =0x0000000000000004 is an unknown value
R9 =0x0000000000000004 is an unknown value
R10=0x000000080a3ec7ba is an unknown value
R11=0x0000000000000009 is an unknown value
R12=0x0 is null
R13=0x000000a0411fd748 is pointing into the stack for thread: 0x0000022a0fb5fc60
R14=0x000000a0411fd7b8 is pointing into the stack for thread: 0x0000022a0fb5fc60
R15=0x0000022a0fb5fc60 is a thread

Top of Stack: (sp=0x000000a0411fd748)
0x000000a0411fd748:   0000022a0000958b 000000a0411fd750
0x000000a0411fd758:   0000022a0a3ec7ba 0000000000000004
0x000000a0411fd768:   0000022a0a3f0a48 0000022a0a490990
0x000000a0411fd778:   00000007015aeb48 0000022a0a3ec7c8
0x000000a0411fd788:   000000a0411fd748 000000a0411fd7c0
0x000000a0411fd798:   000000a0411fdad0 0000022a0070fe10
0x000000a0411fd7a8:   000000070a82b0f8 00000007029f9a68
0x000000a0411fd7b8:   000000070a82b2a0 00000007029d6c18
0x000000a0411fd7c8:   000000070a82b498 000000070283cb98
0x000000a0411fd7d8:   000000070a82b470 00000007029f9a68
0x000000a0411fd7e8:   000000070a82b420 000000070a82b2a0
0x000000a0411fd7f8:   00000007029f9a68 0000022a0070fd4c
0x000000a0411fd808:   0000000701a07648 000000a0411fdad0
0x000000a0411fd818:   0000022a008fa0aa 0000000700000000
0x000000a0411fd828:   00000007029d6c18 000000070283cb98
0x000000a0411fd838:   000000070a82b498 000000070a82b470
0x000000a0411fd848:   0000022a00000001 000000070283cb98
0x000000a0411fd858:   000000070201efe8 00000007029d6820
0x000000a0411fd868:   0000000701a070a8 000000a0411fdad0
0x000000a0411fd878:   0000022a0038c46c 000000a0411fd848
0x000000a0411fd888:   0000022a002d077c 000000a0411fdad0
0x000000a0411fd898:   0000022a009888f4 0000000000000000
0x000000a0411fd8a8:   0000000000000000 0000000000000000
0x000000a0411fd8b8:   0000000000000000 0000000000000000
0x000000a0411fd8c8:   0000000000000000 000000070a82b498
0x000000a0411fd8d8:   0000000702021ff8 00000007029f9a68
0x000000a0411fd8e8:   0000022a0062af00 00000007029d6c18
0x000000a0411fd8f8:   00000007015ad6f0 00000007029d6c18
0x000000a0411fd908:   0000000700000000 0000000000000000
0x000000a0411fd918:   000000070a82b498 000000a0411fdad0
0x000000a0411fd928:   0000022a00988399 00000007029d6c18
0x000000a0411fd938:   000000070a82b470 000000a0411fdad0 

Instructions: (pc=0x0000022a00030fa4)
0x0000022a00030ea4:   2a 02 00 00 00 0f 03 00 2a 02 00 00 80 1f 03 00
0x0000022a00030eb4:   2a 02 00 00 f0 0e 03 00 2a 02 00 00 f0 0e 03 00
0x0000022a00030ec4:   2a 02 00 00 00 00 00 00 00 00 00 00 d8 26 5c 95
0x0000022a00030ed4:   fe 7f 00 00 f0 10 00 00 60 00 00 00 ff ff ff ff
0x0000022a00030ee4:   f0 10 00 00 00 00 00 00 00 00 00 00 00 00 00 00
0x0000022a00030ef4:   00 00 00 00 00 00 00 00 00 00 00 00 f4 66 66 66
0x0000022a00030f04:   0f 1f 84 00 00 00 00 00 66 66 66 90 66 66 66 0f
0x0000022a00030f14:   1f 84 00 00 00 00 00 66 66 66 90 90 48 8b 53 08
0x0000022a00030f24:   0f b7 52 2e 48 8b 0c d4 8b 59 14 48 c1 e3 03 8b
0x0000022a00030f34:   5b 28 48 c1 e3 03 8b 5b 24 48 c1 e3 03 48 8b 5b
0x0000022a00030f44:   10 48 85 db 0f 84 10 00 00 00 41 80 bf e0 05 00
0x0000022a00030f54:   00 00 74 03 ff 63 38 ff 63 50 e9 9d 16 00 00 66
0x0000022a00030f64:   66 66 0f 1f 84 00 00 00 00 00 66 66 66 90 66 66
0x0000022a00030f74:   0f 1f 84 00 00 00 00 00 66 66 66 90 48 8b 53 08
0x0000022a00030f84:   0f b7 52 2e 48 8b 0c d4 58 5b 50 44 8b 51 08 49
0x0000022a00030f94:   bb 00 00 00 00 08 00 00 00 4d 03 d3 4c 8b 5b 10
0x0000022a00030fa4:   4b 8b 9c da c8 01 00 00 48 85 db 0f 84 10 00 00
0x0000022a00030fb4:   00 41 80 bf e0 05 00 00 00 74 03 ff 63 38 ff 63
0x0000022a00030fc4:   50 e9 36 16 00 00 66 66 66 0f 1f 84 00 00 00 00
0x0000022a00030fd4:   00 66 66 66 90 0f 1f 80 00 00 00 00 58 5b 50 8b
0x0000022a00030fe4:   5b 24 48 c1 e3 03 48 8b 5b 10 48 85 db 0f 84 10
0x0000022a00030ff4:   00 00 00 41 80 bf e0 05 00 00 00 74 03 ff 63 38
0x0000022a00031004:   ff 63 50 e9 f4 15 00 00 66 66 66 0f 1f 84 00 00
0x0000022a00031014:   00 00 00 66 66 66 90 0f 1f 44 00 00 48 8b 53 08
0x0000022a00031024:   0f b7 52 2e 48 8b 0c d4 58 5b 50 48 3b 01 8b 5b
0x0000022a00031034:   24 48 c1 e3 03 48 8b 5b 10 48 85 db 0f 84 10 00
0x0000022a00031044:   00 00 41 80 bf e0 05 00 00 00 74 03 ff 63 38 ff
0x0000022a00031054:   63 50 e9 a5 15 00 00 0f 1f 44 00 00 48 8b 53 08
0x0000022a00031064:   0f b7 52 2e 48 8b 0c d4 58 5b 50 44 8b 51 08 49
0x0000022a00031074:   bb 00 00 00 00 08 00 00 00 4d 03 d3 8b 43 18 48
0x0000022a00031084:   c1 e0 03 48 8b 40 10 48 8b 5b 10 45 8b 9a a0 00
0x0000022a00031094:   00 00 4f 8d 9c da c8 01 00 00 4d 8d 14 da 49 8b 


Stack slot to memory mapping:

stack at sp + 0 slots: 0x0000022a0000958b is at code_begin+4363 in an Interpreter codelet
return entry points  [0x0000022a00008480, 0x0000022a0000a298]  7704 bytes
stack at sp + 1 slots: 0x000000a0411fd750 is pointing into the stack for thread: 0x0000022a0fb5fc60
stack at sp + 2 slots: 0x0000022a0a3ec7ba is pointing into metadata
stack at sp + 3 slots: 0x0000000000000004 is an unknown value
stack at sp + 4 slots: 0x0000022a0a3f0a48 is pointing into metadata
stack at sp + 5 slots: 0x0000022a0a490990 is pointing into metadata
stack at sp + 6 slots: 0x00000007015aeb48 is an oop: java.lang.Class 
{0x00000007015aeb48} - klass: 'java/lang/Class'
 - ---- fields (total size 14 words):
 - private volatile transient 'classRedefinedCount' 'I' @12  0 (0x00000000)
 - injected 'klass' 'J' @16  34359948240 (0x00000008000333d0)
 - injected 'array_klass' 'J' @24  0 (0x0000000000000000)
 - injected 'oop_size' 'I' @32  14 (0x0000000e)
 - injected 'static_oop_field_count' 'I' @36  0 (0x00000000)
 - private volatile transient 'cachedConstructor' 'Ljava/lang/reflect/Constructor;' @40  null (0x00000000)
 - private transient 'name' 'Ljava/lang/String;' @44  null (0x00000000)
 - private transient 'module' 'Ljava/lang/Module;' @48  a 'java/lang/Module'{0x000000070159e460} (0xe02b3c8c)
 - private final 'classLoader' 'Ljava/lang/ClassLoader;' @52  null (0x00000000)
 - private transient 'classData' 'Ljava/lang/Object;' @56  null (0x00000000)
 - private transient 'packageName' 'Ljava/lang/String;' @60  null (0x00000000)
 - private final 'componentType' 'Ljava/lang/Class;' @64  null (0x00000000)
 - private volatile transient 'reflectionData' 'Ljava/lang/ref/SoftReference;' @68  null (0x00000000)
 - private volatile transient 'genericInfo' 'Lsun/reflect/generics/repository/ClassRepository;' @72  null (0x00000000)
 - private volatile transient 'enumConstants' '[Ljava/lang/Object;' @76  null (0x00000000)
 - private volatile transient 'enumConstantDirectory' 'Ljava/util/Map;' @80  null (0x00000000)
 - private volatile transient 'annotationData' 'Ljava/lang/Class$AnnotationData;' @84  null (0x00000000)
 - private volatile transient 'annotationType' 'Lsun/reflect/annotation/AnnotationType;' @88  null (0x00000000)
 - transient 'classValueMap' 'Ljava/lang/ClassValue$ClassValueMap;' @92  null (0x00000000)
 - injected 'protection_domain' 'Ljava/lang/Object;' @96  null (0x00000000)
 - injected 'signers_name' 'Ljava/lang/Object;' @100  null (0x00000000)
 - injected 'source_file' 'Ljava/lang/Object;' @104  null (0x00000000)
 - signature: Ljava/lang/invoke/DirectMethodHandle$Holder;
 - ---- static fields (0):
stack at sp + 7 slots: {method} {0x0000022a0a3ec7d0} 'invokeVirtual' '(Ljava/lang/Object;Ljava/lang/Object;)Ljava/lang/Object;' in 'java/lang/invoke/DirectMethodHandle$Holder'

MethodHandle::interpreter_entry::_linkToVirtual [0x0000022a00030f63, 0x0000022a00030fca] (103 bytes)
[MachCode]
  0x0000022a00030f63: 6666 660f | 1f84 0000 | 0000 0066 | 6666 9066 | 660f 1f84 | 0000 0000 | 0066 6666 | 9048 8b53 
  0x0000022a00030f83: 080f b752 | 2e48 8b0c | d458 5b50 | 448b 5108 | 49bb 0000 | 0000 0800 | 0000 4d03 | d34c 8b5b 
  0x0000022a00030fa3: 104b 8b9c | dac8 0100 | 0048 85db | 0f84 1000 | 0000 4180 | bfe0 0500 | 0000 7403 | ff63 38ff 
  0x0000022a00030fc3: 6350 e936 | 
[/MachCode]

---------------  P R O C E S S  ---------------

Threads class SMR info:
_java_thread_list=0x0000022a0fa41c30, length=39, elements={
0x0000022a09843500, 0x0000022a09846230, 0x0000022a098471d0, 0x0000022a09821080,
0x0000022a09821ae0, 0x0000022a0984fda0, 0x0000022a09850800, 0x0000022a0990b430,
0x0000022a09a85910, 0x0000022a09a882e0, 0x0000022a09a88960, 0x0000022a0990a710,
0x0000022a0990c150, 0x0000022a0990c7e0, 0x0000022a0990ce70, 0x0000022a0990d500,
0x0000022a0990bac0, 0x0000022a0fb623c0, 0x0000022a0fb62a50, 0x0000022a0ee22b80,
0x0000022a0ee23210, 0x0000022a0ee23f30, 0x0000022a0ee21140, 0x0000022a0fb5e8b0,
0x0000022a0fb630e0, 0x0000022a0fb61010, 0x0000022a0fb616a0, 0x0000022a0fb5fc60,
0x0000022a0fb5c150, 0x0000022a0fb5ce70, 0x0000022a0fb61d30, 0x0000022a0fb63770,
0x0000022a0fb5c7e0, 0x0000022a0fb5ef40, 0x0000022a0fb60980, 0x0000022a0fb5d500,
0x0000022a0fb5db90, 0x0000022a0fb5e220, 0x0000022a0ee238a0
}

Java Threads: ( => current thread )
  0x0000022a09843500 JavaThread "Reference Handler"          daemon [_thread_blocked, id=19400, stack(0x000000a03f600000,0x000000a03f700000) (1024K)]
  0x0000022a09846230 JavaThread "Finalizer"                  daemon [_thread_blocked, id=18460, stack(0x000000a03f700000,0x000000a03f800000) (1024K)]
  0x0000022a098471d0 JavaThread "Signal Dispatcher"          daemon [_thread_blocked, id=22128, stack(0x000000a03f800000,0x000000a03f900000) (1024K)]
  0x0000022a09821080 JavaThread "Attach Listener"            daemon [_thread_blocked, id=25756, stack(0x000000a03f900000,0x000000a03fa00000) (1024K)]
  0x0000022a09821ae0 JavaThread "Service Thread"             daemon [_thread_blocked, id=5564, stack(0x000000a03fa00000,0x000000a03fb00000) (1024K)]
  0x0000022a0984fda0 JavaThread "Monitor Deflation Thread"   daemon [_thread_blocked, id=12292, stack(0x000000a03fb00000,0x000000a03fc00000) (1024K)]
  0x0000022a09850800 JavaThread "C1 CompilerThread0"         daemon [_thread_blocked, id=23264, stack(0x000000a03fc00000,0x000000a03fd00000) (1024K)]
  0x0000022a0990b430 JavaThread "Common-Cleaner"             daemon [_thread_blocked, id=22444, stack(0x000000a03fd00000,0x000000a03fe00000) (1024K)]
  0x0000022a09a85910 JavaThread "JDWP Transport Listener: dt_socket" daemon [_thread_blocked, id=25376, stack(0x000000a03ff00000,0x000000a040000000) (1024K)]
  0x0000022a09a882e0 JavaThread "JDWP Event Helper Thread"   daemon [_thread_blocked, id=23252, stack(0x000000a040000000,0x000000a040100000) (1024K)]
  0x0000022a09a88960 JavaThread "JDWP Command Reader"        daemon [_thread_in_native, id=21328, stack(0x000000a040100000,0x000000a040200000) (1024K)]
  0x0000022a0990a710 JavaThread "Notification Thread"        daemon [_thread_blocked, id=4248, stack(0x000000a03fe00000,0x000000a03ff00000) (1024K)]
  0x0000022a0990c150 JavaThread "RMI TCP Accept-0"           daemon [_thread_in_native, id=17564, stack(0x000000a040700000,0x000000a040800000) (1024K)]
  0x0000022a0990c7e0 JavaThread "RMI TCP Accept-53835"       daemon [_thread_in_native, id=108, stack(0x000000a040800000,0x000000a040900000) (1024K)]
  0x0000022a0990ce70 JavaThread "RMI Scheduler(0)"           daemon [_thread_blocked, id=25348, stack(0x000000a040a00000,0x000000a040b00000) (1024K)]
  0x0000022a0990d500 JavaThread "RMI TCP Accept-0"           daemon [_thread_in_native, id=27528, stack(0x000000a040b00000,0x000000a040c00000) (1024K)]
  0x0000022a0990bac0 JavaThread "JMX server connection timeout 33" daemon [_thread_blocked, id=12332, stack(0x000000a040d00000,0x000000a040e00000) (1024K)]
  0x0000022a0fb623c0 JavaThread "Live Reload Server"         daemon [_thread_in_native, id=27316, stack(0x000000a041500000,0x000000a041600000) (1024K)]
  0x0000022a0fb62a50 JavaThread "DestroyJavaVM"                     [_thread_blocked, id=25368, stack(0x000000a03ed00000,0x000000a03ee00000) (1024K)]
  0x0000022a0ee22b80 JavaThread "RMI TCP Connection(idle)"   daemon [_thread_blocked, id=7444, stack(0x000000a03eb00000,0x000000a03ec00000) (1024K)]
  0x0000022a0ee23210 JavaThread "RMI TCP Connection(28)-127.0.0.1" daemon [_thread_in_native, id=24244, stack(0x000000a040900000,0x000000a040a00000) (1024K)]
  0x0000022a0ee23f30 JavaThread "RMI TCP Connection(idle)"   daemon [_thread_blocked, id=9752, stack(0x000000a041e00000,0x000000a041f00000) (1024K)]
  0x0000022a0ee21140 JavaThread "RMI TCP Connection(idle)"   daemon [_thread_blocked, id=10264, stack(0x000000a042000000,0x000000a042100000) (1024K)]
  0x0000022a0fb5e8b0 JavaThread "Catalina-utility-1"                [_thread_blocked, id=10728, stack(0x000000a040600000,0x000000a040700000) (1024K)]
  0x0000022a0fb630e0 JavaThread "Catalina-utility-2"                [_thread_blocked, id=7496, stack(0x000000a040c00000,0x000000a040d00000) (1024K)]
  0x0000022a0fb61010 JavaThread "container-0"                       [_thread_blocked, id=18972, stack(0x000000a040e00000,0x000000a040f00000) (1024K)]
  0x0000022a0fb616a0 JavaThread "File Watcher"               daemon [_thread_blocked, id=18716, stack(0x000000a041000000,0x000000a041100000) (1024K)]
=>0x0000022a0fb5fc60 JavaThread "http-nio-8080-exec-1"       daemon [_thread_in_Java, id=27000, stack(0x000000a041100000,0x000000a041200000) (1024K)]
  0x0000022a0fb5c150 JavaThread "http-nio-8080-exec-2"       daemon [_thread_blocked, id=24064, stack(0x000000a041200000,0x000000a041300000) (1024K)]
  0x0000022a0fb5ce70 JavaThread "http-nio-8080-exec-3"       daemon [_thread_blocked, id=15584, stack(0x000000a041300000,0x000000a041400000) (1024K)]
  0x0000022a0fb61d30 JavaThread "http-nio-8080-exec-4"       daemon [_thread_blocked, id=6652, stack(0x000000a041400000,0x000000a041500000) (1024K)]
  0x0000022a0fb63770 JavaThread "http-nio-8080-exec-5"       daemon [_thread_blocked, id=26996, stack(0x000000a041600000,0x000000a041700000) (1024K)]
  0x0000022a0fb5c7e0 JavaThread "http-nio-8080-exec-6"       daemon [_thread_blocked, id=23396, stack(0x000000a041700000,0x000000a041800000) (1024K)]
  0x0000022a0fb5ef40 JavaThread "http-nio-8080-exec-7"       daemon [_thread_blocked, id=16340, stack(0x000000a041800000,0x000000a041900000) (1024K)]
  0x0000022a0fb60980 JavaThread "http-nio-8080-exec-8"       daemon [_thread_blocked, id=24592, stack(0x000000a041900000,0x000000a041a00000) (1024K)]
  0x0000022a0fb5d500 JavaThread "http-nio-8080-exec-9"       daemon [_thread_blocked, id=16816, stack(0x000000a041a00000,0x000000a041b00000) (1024K)]
  0x0000022a0fb5db90 JavaThread "http-nio-8080-exec-10"      daemon [_thread_blocked, id=24104, stack(0x000000a041b00000,0x000000a041c00000) (1024K)]
  0x0000022a0fb5e220 JavaThread "http-nio-8080-Poller"       daemon [_thread_in_native, id=27336, stack(0x000000a041c00000,0x000000a041d00000) (1024K)]
  0x0000022a0ee238a0 JavaThread "http-nio-8080-Acceptor"     daemon [_thread_in_native, id=18488, stack(0x000000a041d00000,0x000000a041e00000) (1024K)]
Total: 39

Other Threads:
  0x0000022a7fe994b0 VMThread "VM Thread"                           [id=24976, stack(0x000000a03f400000,0x000000a03f500000) (1024K)]
  0x0000022a7fe4abd0 WatcherThread "VM Periodic Task Thread"        [id=26652, stack(0x000000a03f300000,0x000000a03f400000) (1024K)]
  0x0000022a7b921220 WorkerThread "GC Thread#0"                     [id=21444, stack(0x000000a03ee00000,0x000000a03ef00000) (1024K)]
  0x0000022a0e699e60 WorkerThread "GC Thread#1"                     [id=9472, stack(0x000000a040200000,0x000000a040300000) (1024K)]
  0x0000022a0e6902c0 WorkerThread "GC Thread#2"                     [id=24888, stack(0x000000a040300000,0x000000a040400000) (1024K)]
  0x0000022a0e690660 WorkerThread "GC Thread#3"                     [id=7336, stack(0x000000a040400000,0x000000a040500000) (1024K)]
  0x0000022a797de970 ConcurrentGCThread "G1 Main Marker"            [id=19340, stack(0x000000a03ef00000,0x000000a03f000000) (1024K)]
  0x0000022a7b92fb90 WorkerThread "G1 Conc#0"                       [id=3588, stack(0x000000a03f000000,0x000000a03f100000) (1024K)]
  0x0000022a7fd0b520 ConcurrentGCThread "G1 Refine#0"               [id=22592, stack(0x000000a03f100000,0x000000a03f200000) (1024K)]
  0x0000022a7fd0bfa0 ConcurrentGCThread "G1 Service"                [id=17300, stack(0x000000a03f200000,0x000000a03f300000) (1024K)]
Total: 10

Threads with active compile tasks:
Total: 0

VM state: not at safepoint (normal execution)

VM Mutex/Monitor currently owned by a thread: None

Heap address: 0x0000000701400000, size: 4076 MB, Compressed Oops mode: Zero based, Oop shift amount: 3

CDS archive(s) not mapped
Compressed class space mapped at: 0x0000000800000000-0x0000000840000000, reserved size: 1073741824
Narrow klass base: 0x0000000800000000, Narrow klass shift: 0, Narrow klass range: 0x40000000

GC Precious Log:
 CardTable entry size: 512
 Card Set container configuration: InlinePtr #cards 4 size 8 Array Of Cards #cards 16 size 48 Howl #buckets 8 coarsen threshold 3686 Howl Bitmap #cards 512 size 80 coarsen threshold 460 Card regions per heap region 1 cards per card region 4096
 CPUs: 4 total, 4 available
 Memory: 16298M
 Large Page Support: Disabled
 NUMA Support: Disabled
 Compressed Oops: Enabled (Zero based)
 Heap Region Size: 2M
 Heap Min Capacity: 8M
 Heap Initial Capacity: 256M
 Heap Max Capacity: 4076M
 Pre-touch: Disabled
 Parallel Workers: 4
 Concurrent Workers: 1
 Concurrent Refinement Workers: 4
 Periodic GC: Disabled

Heap:
 garbage-first heap   total 155648K, used 18209K [0x0000000701400000, 0x0000000800000000)
  region size 2048K, 4 young (8192K), 2 survivors (4096K)
 Metaspace       used 43979K, committed 44800K, reserved 1114112K
  class space    used 5294K, committed 5632K, reserved 1048576K

Heap Regions: E=young(eden), S=young(survivor), O=old, HS=humongous(starts), HC=humongous(continues), CS=collection set, F=free, TAMS=top-at-mark-start, PB=parsable bottom
|   0|0x0000000701400000, 0x00000007015fffe8, 0x0000000701600000| 99%| O|  |TAMS 0x0000000701400000| PB 0x0000000701400000| Untracked 
|   1|0x0000000701600000, 0x00000007017ffff0, 0x0000000701800000| 99%| O|  |TAMS 0x0000000701600000| PB 0x0000000701600000| Untracked 
|   2|0x0000000701800000, 0x00000007019fffe8, 0x0000000701a00000| 99%| O|  |TAMS 0x0000000701800000| PB 0x0000000701800000| Untracked 
|   3|0x0000000701a00000, 0x0000000701bfffe0, 0x0000000701c00000| 99%| O|  |TAMS 0x0000000701a00000| PB 0x0000000701a00000| Untracked 
|   4|0x0000000701c00000, 0x0000000701e00000, 0x0000000701e00000|100%| O|  |TAMS 0x0000000701c00000| PB 0x0000000701c00000| Untracked 
|   5|0x0000000701e00000, 0x0000000701f7ddc8, 0x0000000702000000| 74%| O|  |TAMS 0x0000000701e00000| PB 0x0000000701e00000| Untracked 
|   6|0x0000000702000000, 0x00000007021d1468, 0x0000000702200000| 90%| O|  |TAMS 0x0000000702000000| PB 0x0000000702000000| Untracked 
|   7|0x0000000702200000, 0x0000000702200000, 0x0000000702400000|  0%| F|  |TAMS 0x0000000702200000| PB 0x0000000702200000| Untracked 
|   8|0x0000000702400000, 0x0000000702400000, 0x0000000702600000|  0%| F|  |TAMS 0x0000000702400000| PB 0x0000000702400000| Untracked 
|   9|0x0000000702600000, 0x0000000702679400, 0x0000000702800000| 23%| S|CS|TAMS 0x0000000702600000| PB 0x0000000702600000| Complete 
|  10|0x0000000702800000, 0x0000000702a00000, 0x0000000702a00000|100%| S|CS|TAMS 0x0000000702800000| PB 0x0000000702800000| Complete 
|  11|0x0000000702a00000, 0x0000000702a00000, 0x0000000702c00000|  0%| F|  |TAMS 0x0000000702a00000| PB 0x0000000702a00000| Untracked 
|  12|0x0000000702c00000, 0x0000000702c00000, 0x0000000702e00000|  0%| F|  |TAMS 0x0000000702c00000| PB 0x0000000702c00000| Untracked 
|  13|0x0000000702e00000, 0x0000000702e00000, 0x0000000703000000|  0%| F|  |TAMS 0x0000000702e00000| PB 0x0000000702e00000| Untracked 
|  14|0x0000000703000000, 0x0000000703000000, 0x0000000703200000|  0%| F|  |TAMS 0x0000000703000000| PB 0x0000000703000000| Untracked 
|  15|0x0000000703200000, 0x0000000703200000, 0x0000000703400000|  0%| F|  |TAMS 0x0000000703200000| PB 0x0000000703200000| Untracked 
|  16|0x0000000703400000, 0x0000000703400000, 0x0000000703600000|  0%| F|  |TAMS 0x0000000703400000| PB 0x0000000703400000| Untracked 
|  17|0x0000000703600000, 0x0000000703600000, 0x0000000703800000|  0%| F|  |TAMS 0x0000000703600000| PB 0x0000000703600000| Untracked 
|  18|0x0000000703800000, 0x0000000703800000, 0x0000000703a00000|  0%| F|  |TAMS 0x0000000703800000| PB 0x0000000703800000| Untracked 
|  19|0x0000000703a00000, 0x0000000703a00000, 0x0000000703c00000|  0%| F|  |TAMS 0x0000000703a00000| PB 0x0000000703a00000| Untracked 
|  20|0x0000000703c00000, 0x0000000703c00000, 0x0000000703e00000|  0%| F|  |TAMS 0x0000000703c00000| PB 0x0000000703c00000| Untracked 
|  21|0x0000000703e00000, 0x0000000703e00000, 0x0000000704000000|  0%| F|  |TAMS 0x0000000703e00000| PB 0x0000000703e00000| Untracked 
|  22|0x0000000704000000, 0x0000000704000000, 0x0000000704200000|  0%| F|  |TAMS 0x0000000704000000| PB 0x0000000704000000| Untracked 
|  23|0x0000000704200000, 0x0000000704200000, 0x0000000704400000|  0%| F|  |TAMS 0x0000000704200000| PB 0x0000000704200000| Untracked 
|  24|0x0000000704400000, 0x0000000704400000, 0x0000000704600000|  0%| F|  |TAMS 0x0000000704400000| PB 0x0000000704400000| Untracked 
|  25|0x0000000704600000, 0x0000000704600000, 0x0000000704800000|  0%| F|  |TAMS 0x0000000704600000| PB 0x0000000704600000| Untracked 
|  26|0x0000000704800000, 0x0000000704800000, 0x0000000704a00000|  0%| F|  |TAMS 0x0000000704800000| PB 0x0000000704800000| Untracked 
|  27|0x0000000704a00000, 0x0000000704a00000, 0x0000000704c00000|  0%| F|  |TAMS 0x0000000704a00000| PB 0x0000000704a00000| Untracked 
|  28|0x0000000704c00000, 0x0000000704c00000, 0x0000000704e00000|  0%| F|  |TAMS 0x0000000704c00000| PB 0x0000000704c00000| Untracked 
|  29|0x0000000704e00000, 0x0000000704e00000, 0x0000000705000000|  0%| F|  |TAMS 0x0000000704e00000| PB 0x0000000704e00000| Untracked 
|  30|0x0000000705000000, 0x0000000705000000, 0x0000000705200000|  0%| F|  |TAMS 0x0000000705000000| PB 0x0000000705000000| Untracked 
|  31|0x0000000705200000, 0x0000000705200000, 0x0000000705400000|  0%| F|  |TAMS 0x0000000705200000| PB 0x0000000705200000| Untracked 
|  32|0x0000000705400000, 0x0000000705400000, 0x0000000705600000|  0%| F|  |TAMS 0x0000000705400000| PB 0x0000000705400000| Untracked 
|  33|0x0000000705600000, 0x0000000705600000, 0x0000000705800000|  0%| F|  |TAMS 0x0000000705600000| PB 0x0000000705600000| Untracked 
|  34|0x0000000705800000, 0x0000000705800000, 0x0000000705a00000|  0%| F|  |TAMS 0x0000000705800000| PB 0x0000000705800000| Untracked 
|  35|0x0000000705a00000, 0x0000000705a00000, 0x0000000705c00000|  0%| F|  |TAMS 0x0000000705a00000| PB 0x0000000705a00000| Untracked 
|  36|0x0000000705c00000, 0x0000000705c00000, 0x0000000705e00000|  0%| F|  |TAMS 0x0000000705c00000| PB 0x0000000705c00000| Untracked 
|  37|0x0000000705e00000, 0x0000000705e00000, 0x0000000706000000|  0%| F|  |TAMS 0x0000000705e00000| PB 0x0000000705e00000| Untracked 
|  38|0x0000000706000000, 0x0000000706000000, 0x0000000706200000|  0%| F|  |TAMS 0x0000000706000000| PB 0x0000000706000000| Untracked 
|  39|0x0000000706200000, 0x0000000706200000, 0x0000000706400000|  0%| F|  |TAMS 0x0000000706200000| PB 0x0000000706200000| Untracked 
|  40|0x0000000706400000, 0x0000000706400000, 0x0000000706600000|  0%| F|  |TAMS 0x0000000706400000| PB 0x0000000706400000| Untracked 
|  41|0x0000000706600000, 0x0000000706600000, 0x0000000706800000|  0%| F|  |TAMS 0x0000000706600000| PB 0x0000000706600000| Untracked 
|  42|0x0000000706800000, 0x0000000706800000, 0x0000000706a00000|  0%| F|  |TAMS 0x0000000706800000| PB 0x0000000706800000| Untracked 
|  43|0x0000000706a00000, 0x0000000706a00000, 0x0000000706c00000|  0%| F|  |TAMS 0x0000000706a00000| PB 0x0000000706a00000| Untracked 
|  44|0x0000000706c00000, 0x0000000706c00000, 0x0000000706e00000|  0%| F|  |TAMS 0x0000000706c00000| PB 0x0000000706c00000| Untracked 
|  45|0x0000000706e00000, 0x0000000706e00000, 0x0000000707000000|  0%| F|  |TAMS 0x0000000706e00000| PB 0x0000000706e00000| Untracked 
|  46|0x0000000707000000, 0x0000000707000000, 0x0000000707200000|  0%| F|  |TAMS 0x0000000707000000| PB 0x0000000707000000| Untracked 
|  47|0x0000000707200000, 0x0000000707200000, 0x0000000707400000|  0%| F|  |TAMS 0x0000000707200000| PB 0x0000000707200000| Untracked 
|  48|0x0000000707400000, 0x0000000707400000, 0x0000000707600000|  0%| F|  |TAMS 0x0000000707400000| PB 0x0000000707400000| Untracked 
|  49|0x0000000707600000, 0x0000000707600000, 0x0000000707800000|  0%| F|  |TAMS 0x0000000707600000| PB 0x0000000707600000| Untracked 
|  50|0x0000000707800000, 0x0000000707800000, 0x0000000707a00000|  0%| F|  |TAMS 0x0000000707800000| PB 0x0000000707800000| Untracked 
|  51|0x0000000707a00000, 0x0000000707a00000, 0x0000000707c00000|  0%| F|  |TAMS 0x0000000707a00000| PB 0x0000000707a00000| Untracked 
|  52|0x0000000707c00000, 0x0000000707c00000, 0x0000000707e00000|  0%| F|  |TAMS 0x0000000707c00000| PB 0x0000000707c00000| Untracked 
|  53|0x0000000707e00000, 0x0000000707e00000, 0x0000000708000000|  0%| F|  |TAMS 0x0000000707e00000| PB 0x0000000707e00000| Untracked 
|  54|0x0000000708000000, 0x0000000708000000, 0x0000000708200000|  0%| F|  |TAMS 0x0000000708000000| PB 0x0000000708000000| Untracked 
|  55|0x0000000708200000, 0x0000000708200000, 0x0000000708400000|  0%| F|  |TAMS 0x0000000708200000| PB 0x0000000708200000| Untracked 
|  56|0x0000000708400000, 0x0000000708400000, 0x0000000708600000|  0%| F|  |TAMS 0x0000000708400000| PB 0x0000000708400000| Untracked 
|  57|0x0000000708600000, 0x0000000708600000, 0x0000000708800000|  0%| F|  |TAMS 0x0000000708600000| PB 0x0000000708600000| Untracked 
|  58|0x0000000708800000, 0x0000000708800000, 0x0000000708a00000|  0%| F|  |TAMS 0x0000000708800000| PB 0x0000000708800000| Untracked 
|  59|0x0000000708a00000, 0x0000000708a00000, 0x0000000708c00000|  0%| F|  |TAMS 0x0000000708a00000| PB 0x0000000708a00000| Untracked 
|  60|0x0000000708c00000, 0x0000000708c00000, 0x0000000708e00000|  0%| F|  |TAMS 0x0000000708c00000| PB 0x0000000708c00000| Untracked 
|  61|0x0000000708e00000, 0x0000000708e00000, 0x0000000709000000|  0%| F|  |TAMS 0x0000000708e00000| PB 0x0000000708e00000| Untracked 
|  62|0x0000000709000000, 0x0000000709000000, 0x0000000709200000|  0%| F|  |TAMS 0x0000000709000000| PB 0x0000000709000000| Untracked 
|  63|0x0000000709200000, 0x0000000709200000, 0x0000000709400000|  0%| F|  |TAMS 0x0000000709200000| PB 0x0000000709200000| Untracked 
|  64|0x0000000709400000, 0x0000000709400000, 0x0000000709600000|  0%| F|  |TAMS 0x0000000709400000| PB 0x0000000709400000| Untracked 
|  65|0x0000000709600000, 0x0000000709600000, 0x0000000709800000|  0%| F|  |TAMS 0x0000000709600000| PB 0x0000000709600000| Untracked 
|  66|0x0000000709800000, 0x0000000709800000, 0x0000000709a00000|  0%| F|  |TAMS 0x0000000709800000| PB 0x0000000709800000| Untracked 
|  67|0x0000000709a00000, 0x0000000709a00000, 0x0000000709c00000|  0%| F|  |TAMS 0x0000000709a00000| PB 0x0000000709a00000| Untracked 
|  68|0x0000000709c00000, 0x0000000709c00000, 0x0000000709e00000|  0%| F|  |TAMS 0x0000000709c00000| PB 0x0000000709c00000| Untracked 
|  69|0x0000000709e00000, 0x0000000709e00000, 0x000000070a000000|  0%| F|  |TAMS 0x0000000709e00000| PB 0x0000000709e00000| Untracked 
|  70|0x000000070a000000, 0x000000070a000000, 0x000000070a200000|  0%| F|  |TAMS 0x000000070a000000| PB 0x000000070a000000| Untracked 
|  71|0x000000070a200000, 0x000000070a200000, 0x000000070a400000|  0%| F|  |TAMS 0x000000070a200000| PB 0x000000070a200000| Untracked 
|  72|0x000000070a400000, 0x000000070a400000, 0x000000070a600000|  0%| F|  |TAMS 0x000000070a400000| PB 0x000000070a400000| Untracked 
|  73|0x000000070a600000, 0x000000070a600000, 0x000000070a800000|  0%| F|  |TAMS 0x000000070a600000| PB 0x000000070a600000| Untracked 
|  74|0x000000070a800000, 0x000000070a8b1818, 0x000000070aa00000| 34%| E|  |TAMS 0x000000070a800000| PB 0x000000070a800000| Complete 
| 127|0x0000000711200000, 0x0000000711400000, 0x0000000711400000|100%| E|CS|TAMS 0x0000000711200000| PB 0x0000000711200000| Complete 

Card table byte_map: [0x0000022a03000000,0x0000022a03800000] _byte_map_base: 0x00000229ff7f6000

Marking Bits: (CMBitMap*) 0x0000022a7b921830
 Bits: [0x0000022a03800000, 0x0000022a077b0000)

Polling page: 0x0000022a796c0000

Metaspace:

Usage:
  Non-class:     37.78 MB used.
      Class:      5.17 MB used.
       Both:     42.95 MB used.

Virtual space:
  Non-class space:       64.00 MB reserved,      38.25 MB ( 60%) committed,  1 nodes.
      Class space:        1.00 GB reserved,       5.50 MB ( <1%) committed,  1 nodes.
             Both:        1.06 GB reserved,      43.75 MB (  4%) committed. 

Chunk freelists:
   Non-Class:  9.28 MB
       Class:  10.48 MB
        Both:  19.76 MB

MaxMetaspaceSize: unlimited
CompressedClassSpaceSize: 1.00 GB
Initial GC threshold: 21.00 MB
Current GC threshold: 72.94 MB
CDS: off
 - commit_granule_bytes: 65536.
 - commit_granule_words: 8192.
 - virtual_space_node_default_size: 8388608.
 - enlarge_chunks_in_place: 1.
 - use_allocation_guard: 0.


Internal statistics:

num_allocs_failed_limit: 6.
num_arena_births: 1054.
num_arena_deaths: 502.
num_vsnodes_births: 2.
num_vsnodes_deaths: 0.
num_space_committed: 700.
num_space_uncommitted: 0.
num_chunks_returned_to_freelist: 611.
num_chunks_taken_from_freelist: 2314.
num_chunk_merges: 129.
num_chunk_splits: 1414.
num_chunks_enlarged: 932.
num_inconsistent_stats: 0.

CodeCache: size=49152Kb used=10487Kb max_used=11540Kb free=38665Kb
 bounds [0x0000022a00000000, 0x0000022a00b50000, 0x0000022a03000000]
 total_blobs=5532 nmethods=4959 adapters=496
 compilation: enabled
              stopped_count=0, restarted_count=0
 full_count=0

Compilation events (20 events):
Event: 627.946 Thread 0x0000022a09850800 6174       1       org.apache.catalina.core.StandardContext::getInstanceManager (5 bytes)
Event: 627.946 Thread 0x0000022a09850800 nmethod 6174 0x0000022a00529f90 code [0x0000022a0052a120, 0x0000022a0052a1f0]
Event: 637.962 Thread 0x0000022a09850800 6175       1       org.apache.catalina.core.StandardPipeline::getFirst (17 bytes)
Event: 637.962 Thread 0x0000022a09850800 nmethod 6175 0x0000022a00548790 code [0x0000022a00548920, 0x0000022a00548a28]
Event: 657.990 Thread 0x0000022a09850800 6176       1       org.apache.catalina.loader.WebappLoader::getClassLoader (5 bytes)
Event: 657.990 Thread 0x0000022a09850800 nmethod 6176 0x0000022a00549090 code [0x0000022a00549220, 0x0000022a005492f0]
Event: 659.174 Thread 0x0000022a09850800 6177       1       java.nio.channels.SelectionKey::attachment (5 bytes)
Event: 659.174 Thread 0x0000022a09850800 nmethod 6177 0x0000022a00572910 code [0x0000022a00572aa0, 0x0000022a00572b70]
Event: 659.177 Thread 0x0000022a09850800 6178       1       java.util.logging.Logger::getParent (5 bytes)
Event: 659.178 Thread 0x0000022a09850800 nmethod 6178 0x0000022a00578010 code [0x0000022a005781a0, 0x0000022a00578270]
Event: 659.182 Thread 0x0000022a09850800 6179       1       java.time.Instant::getNano (5 bytes)
Event: 659.182 Thread 0x0000022a09850800 nmethod 6179 0x0000022a00589a10 code [0x0000022a00589ba0, 0x0000022a00589c68]
Event: 664.103 Thread 0x0000022a09850800 6180       1       java.io.ObjectOutputStream$BlockDataOutputStream::flush (12 bytes)
Event: 664.104 Thread 0x0000022a09850800 nmethod 6180 0x0000022a003b8e10 code [0x0000022a003b8fc0, 0x0000022a003b90e8]
Event: 676.816 Thread 0x0000022a09850800 6181       1       java.io.ObjectStreamClass$FieldReflector::setPrimFieldValues (329 bytes)
Event: 676.820 Thread 0x0000022a09850800 nmethod 6181 0x0000022a00649590 code [0x0000022a006497e0, 0x0000022a0064a020]
Event: 678.118 Thread 0x0000022a09850800 6182   !   1       org.apache.catalina.core.ContainerBase$ContainerBackgroundProcessor::processChildren (202 bytes)
Event: 678.121 Thread 0x0000022a09850800 nmethod 6182 0x0000022a00647610 code [0x0000022a00647940, 0x0000022a00648a58]
Event: 678.122 Thread 0x0000022a09850800 6183  s!   1       org.apache.catalina.core.ContainerBase::backgroundProcess (172 bytes)
Event: 678.123 Thread 0x0000022a09850800 nmethod 6183 0x0000022a00646190 code [0x0000022a00646420, 0x0000022a00646f58]

GC Heap History (20 events):
Event: 59.657 GC heap before
{Heap before GC invocations=13 (full 0):
 garbage-first heap   total 49152K, used 39411K [0x0000000701400000, 0x0000000800000000)
  region size 2048K, 14 young (28672K), 2 survivors (4096K)
 Metaspace       used 41724K, committed 42368K, reserved 1114112K
  class space    used 5035K, committed 5312K, reserved 1048576K
}
Event: 59.675 GC heap after
{Heap after GC invocations=14 (full 0):
 garbage-first heap   total 49152K, used 16260K [0x0000000701400000, 0x0000000800000000)
  region size 2048K, 2 young (4096K), 2 survivors (4096K)
 Metaspace       used 41724K, committed 42368K, reserved 1114112K
  class space    used 5035K, committed 5312K, reserved 1048576K
}
Event: 161.688 GC heap before
{Heap before GC invocations=14 (full 0):
 garbage-first heap   total 49152K, used 38788K [0x0000000701400000, 0x0000000800000000)
  region size 2048K, 13 young (26624K), 2 survivors (4096K)
 Metaspace       used 44041K, committed 44672K, reserved 1114112K
  class space    used 5330K, committed 5632K, reserved 1048576K
}
Event: 161.703 GC heap after
{Heap after GC invocations=15 (full 0):
 garbage-first heap   total 49152K, used 17101K [0x0000000701400000, 0x0000000800000000)
  region size 2048K, 1 young (2048K), 1 survivors (2048K)
 Metaspace       used 44041K, committed 44672K, reserved 1114112K
  class space    used 5330K, committed 5632K, reserved 1048576K
}
Event: 269.181 GC heap before
{Heap before GC invocations=15 (full 0):
 garbage-first heap   total 49152K, used 19149K [0x0000000701400000, 0x0000000800000000)
  region size 2048K, 3 young (6144K), 1 survivors (2048K)
 Metaspace       used 44197K, committed 44800K, reserved 1114112K
  class space    used 5354K, committed 5632K, reserved 1048576K
}
Event: 269.249 GC heap after
{Heap after GC invocations=16 (full 1):
 garbage-first heap   total 49152K, used 12301K [0x0000000701400000, 0x0000000800000000)
  region size 2048K, 0 young (0K), 0 survivors (0K)
 Metaspace       used 43876K, committed 44800K, reserved 1114112K
  class space    used 5272K, committed 5632K, reserved 1048576K
}
Event: 272.384 GC heap before
{Heap before GC invocations=16 (full 1):
 garbage-first heap   total 49152K, used 38925K [0x0000000701400000, 0x0000000800000000)
  region size 2048K, 14 young (28672K), 0 survivors (0K)
 Metaspace       used 44034K, committed 44800K, reserved 1114112K
  class space    used 5313K, committed 5632K, reserved 1048576K
}
Event: 272.390 GC heap after
{Heap after GC invocations=17 (full 1):
 garbage-first heap   total 49152K, used 16397K [0x0000000701400000, 0x0000000800000000)
  region size 2048K, 2 young (4096K), 2 survivors (4096K)
 Metaspace       used 44034K, committed 44800K, reserved 1114112K
  class space    used 5313K, committed 5632K, reserved 1048576K
}
Event: 533.744 GC heap before
{Heap before GC invocations=17 (full 1):
 garbage-first heap   total 49152K, used 22541K [0x0000000701400000, 0x0000000800000000)
  region size 2048K, 6 young (12288K), 2 survivors (4096K)
 Metaspace       used 44062K, committed 44800K, reserved 1114112K
  class space    used 5319K, committed 5632K, reserved 1048576K
}
Event: 533.834 GC heap after
{Heap after GC invocations=18 (full 2):
 garbage-first heap   total 49152K, used 13691K [0x0000000701400000, 0x0000000800000000)
  region size 2048K, 0 young (0K), 0 survivors (0K)
 Metaspace       used 43975K, committed 44800K, reserved 1114112K
  class space    used 5296K, committed 5632K, reserved 1048576K
}
Event: 535.264 GC heap before
{Heap before GC invocations=18 (full 2):
 garbage-first heap   total 49152K, used 40315K [0x0000000701400000, 0x0000000800000000)
  region size 2048K, 13 young (26624K), 0 survivors (0K)
 Metaspace       used 44006K, committed 44800K, reserved 1114112K
  class space    used 5304K, committed 5632K, reserved 1048576K
}
Event: 535.268 GC heap after
{Heap after GC invocations=19 (full 2):
 garbage-first heap   total 49152K, used 16401K [0x0000000701400000, 0x0000000800000000)
  region size 2048K, 2 young (4096K), 2 survivors (4096K)
 Metaspace       used 44006K, committed 44800K, reserved 1114112K
  class space    used 5304K, committed 5632K, reserved 1048576K
}
Event: 613.247 GC heap before
{Heap before GC invocations=19 (full 2):
 garbage-first heap   total 49152K, used 20497K [0x0000000701400000, 0x0000000800000000)
  region size 2048K, 5 young (10240K), 2 survivors (4096K)
 Metaspace       used 44012K, committed 44800K, reserved 1114112K
  class space    used 5306K, committed 5632K, reserved 1048576K
}
Event: 613.307 GC heap after
{Heap after GC invocations=20 (full 3):
 garbage-first heap   total 49152K, used 13831K [0x0000000701400000, 0x0000000800000000)
  region size 2048K, 0 young (0K), 0 survivors (0K)
 Metaspace       used 43939K, committed 44800K, reserved 1114112K
  class space    used 5286K, committed 5632K, reserved 1048576K
}
Event: 614.482 GC heap before
{Heap before GC invocations=20 (full 3):
 garbage-first heap   total 49152K, used 38407K [0x0000000701400000, 0x0000000800000000)
  region size 2048K, 13 young (26624K), 0 survivors (0K)
 Metaspace       used 43950K, committed 44800K, reserved 1114112K
  class space    used 5288K, committed 5632K, reserved 1048576K
}
Event: 614.488 GC heap after
{Heap after GC invocations=21 (full 3):
 garbage-first heap   total 49152K, used 16393K [0x0000000701400000, 0x0000000800000000)
  region size 2048K, 2 young (4096K), 2 survivors (4096K)
 Metaspace       used 43950K, committed 44800K, reserved 1114112K
  class space    used 5288K, committed 5632K, reserved 1048576K
}
Event: 617.058 GC heap before
{Heap before GC invocations=21 (full 3):
 garbage-first heap   total 49152K, used 16393K [0x0000000701400000, 0x0000000800000000)
  region size 2048K, 3 young (6144K), 2 survivors (4096K)
 Metaspace       used 43956K, committed 44800K, reserved 1114112K
  class space    used 5290K, committed 5632K, reserved 1048576K
}
Event: 617.120 GC heap after
{Heap after GC invocations=22 (full 4):
 garbage-first heap   total 49152K, used 13628K [0x0000000701400000, 0x0000000800000000)
  region size 2048K, 0 young (0K), 0 survivors (0K)
 Metaspace       used 43950K, committed 44800K, reserved 1114112K
  class space    used 5288K, committed 5632K, reserved 1048576K
}
Event: 617.995 GC heap before
{Heap before GC invocations=22 (full 4):
 garbage-first heap   total 49152K, used 40252K [0x0000000701400000, 0x0000000800000000)
  region size 2048K, 13 young (26624K), 0 survivors (0K)
 Metaspace       used 43974K, committed 44800K, reserved 1114112K
  class space    used 5293K, committed 5632K, reserved 1048576K
}
Event: 618.003 GC heap after
{Heap after GC invocations=23 (full 4):
 garbage-first heap   total 155648K, used 16161K [0x0000000701400000, 0x0000000800000000)
  region size 2048K, 2 young (4096K), 2 survivors (4096K)
 Metaspace       used 43974K, committed 44800K, reserved 1114112K
  class space    used 5293K, committed 5632K, reserved 1048576K
}

Dll operation events (12 events):
Event: 0.519 Loaded shared library D:\Program Files\eclipse\plugins\org.eclipse.justj.openjdk.hotspot.jre.full.win32.x86_64_21.0.4.v20240802-1551\jre\bin\java.dll
Event: 0.531 Loaded shared library D:\Program Files\eclipse\plugins\org.eclipse.justj.openjdk.hotspot.jre.full.win32.x86_64_21.0.4.v20240802-1551\jre\bin\zip.dll
Event: 1.515 Loaded shared library D:\Program Files\eclipse\plugins\org.eclipse.justj.openjdk.hotspot.jre.full.win32.x86_64_21.0.4.v20240802-1551\jre\bin\instrument.dll
Event: 1.566 Loaded shared library D:\Program Files\eclipse\plugins\org.eclipse.justj.openjdk.hotspot.jre.full.win32.x86_64_21.0.4.v20240802-1551\jre\bin\net.dll
Event: 1.569 Loaded shared library D:\Program Files\eclipse\plugins\org.eclipse.justj.openjdk.hotspot.jre.full.win32.x86_64_21.0.4.v20240802-1551\jre\bin\nio.dll
Event: 1.602 Loaded shared library D:\Program Files\eclipse\plugins\org.eclipse.justj.openjdk.hotspot.jre.full.win32.x86_64_21.0.4.v20240802-1551\jre\bin\zip.dll
Event: 2.108 Loaded shared library D:\Program Files\eclipse\plugins\org.eclipse.justj.openjdk.hotspot.jre.full.win32.x86_64_21.0.4.v20240802-1551\jre\bin\jimage.dll
Event: 2.360 Loaded shared library D:\Program Files\eclipse\plugins\org.eclipse.justj.openjdk.hotspot.jre.full.win32.x86_64_21.0.4.v20240802-1551\jre\bin\management.dll
Event: 2.395 Loaded shared library D:\Program Files\eclipse\plugins\org.eclipse.justj.openjdk.hotspot.jre.full.win32.x86_64_21.0.4.v20240802-1551\jre\bin\management_ext.dll
Event: 3.079 Loaded shared library D:\Program Files\eclipse\plugins\org.eclipse.justj.openjdk.hotspot.jre.full.win32.x86_64_21.0.4.v20240802-1551\jre\bin\extnet.dll
Event: 3.152 Loaded shared library D:\Program Files\eclipse\plugins\org.eclipse.justj.openjdk.hotspot.jre.full.win32.x86_64_21.0.4.v20240802-1551\jre\bin\verify.dll
Event: 8.366 Loaded shared library D:\Program Files\eclipse\plugins\org.eclipse.justj.openjdk.hotspot.jre.full.win32.x86_64_21.0.4.v20240802-1551\jre\bin\sunmscapi.dll

Deoptimization events (20 events):
Event: 617.965 Thread 0x0000022a0fb602f0 DEOPT PACKING pc=0x0000022a007c79b4 sp=0x000000a040ffdce0
Event: 617.965 Thread 0x0000022a0fb602f0 DEOPT UNPACKING pc=0x0000022a00054e42 sp=0x000000a040ffd258 mode 1
Event: 617.965 Thread 0x0000022a0fb602f0 DEOPT PACKING pc=0x0000022a007c79b4 sp=0x000000a040ffdcf0
Event: 617.965 Thread 0x0000022a0fb602f0 DEOPT UNPACKING pc=0x0000022a00054e42 sp=0x000000a040ffd250 mode 1
Event: 617.965 Thread 0x0000022a0fb602f0 DEOPT PACKING pc=0x0000022a0096cc6c sp=0x000000a040ffde10
Event: 617.965 Thread 0x0000022a0fb602f0 DEOPT UNPACKING pc=0x0000022a00054e42 sp=0x000000a040ffd2e0 mode 1
Event: 617.965 Thread 0x0000022a0fb602f0 DEOPT PACKING pc=0x0000022a007c79b4 sp=0x000000a040ffdce0
Event: 617.965 Thread 0x0000022a0fb602f0 DEOPT UNPACKING pc=0x0000022a00054e42 sp=0x000000a040ffd258 mode 1
Event: 617.966 Thread 0x0000022a0fb602f0 DEOPT PACKING pc=0x0000022a007c79b4 sp=0x000000a040ffe240
Event: 617.966 Thread 0x0000022a0fb602f0 DEOPT UNPACKING pc=0x0000022a00054e42 sp=0x000000a040ffd7a0 mode 1
Event: 617.966 Thread 0x0000022a0fb602f0 DEOPT PACKING pc=0x0000022a0091fd5c sp=0x000000a040ffe360
Event: 617.966 Thread 0x0000022a0fb602f0 DEOPT UNPACKING pc=0x0000022a00054e42 sp=0x000000a040ffd820 mode 1
Event: 618.028 Thread 0x0000022a0fb602f0 DEOPT PACKING pc=0x0000022a009af274 sp=0x000000a040ffe4d0
Event: 618.028 Thread 0x0000022a0fb602f0 DEOPT UNPACKING pc=0x0000022a00054e42 sp=0x000000a040ffda38 mode 1
Event: 618.028 Thread 0x0000022a0fb602f0 DEOPT PACKING pc=0x0000022a009af274 sp=0x000000a040ffe460
Event: 618.028 Thread 0x0000022a0fb602f0 DEOPT UNPACKING pc=0x0000022a00054e42 sp=0x000000a040ffd9c8 mode 1
Event: 618.028 Thread 0x0000022a0fb602f0 DEOPT PACKING pc=0x0000022a009af274 sp=0x000000a040ffe3f0
Event: 618.028 Thread 0x0000022a0fb602f0 DEOPT UNPACKING pc=0x0000022a00054e42 sp=0x000000a040ffd958 mode 1
Event: 678.452 Thread 0x0000022a0fb5fc60 DEOPT PACKING pc=0x0000022a0042a2b4 sp=0x000000a0411fd760
Event: 678.452 Thread 0x0000022a0fb5fc60 DEOPT UNPACKING pc=0x0000022a00054e42 sp=0x000000a0411fcc08 mode 0

Classes loaded (20 events):
Event: 269.142 Loading class sun/net/spi/DefaultProxySelector$NonProxyInfo
Event: 269.142 Loading class sun/net/spi/DefaultProxySelector$NonProxyInfo done
Event: 269.142 Loading class sun/net/spi/DefaultProxySelector$3
Event: 269.143 Loading class sun/net/spi/DefaultProxySelector$3 done
Event: 269.146 Loading class java/util/concurrent/locks/AbstractQueuedSynchronizer$SharedNode
Event: 269.146 Loading class java/util/concurrent/locks/AbstractQueuedSynchronizer$SharedNode done
Event: 269.178 Loading class java/util/WeakHashMap$KeyIterator
Event: 269.178 Loading class java/util/WeakHashMap$HashIterator
Event: 269.179 Loading class java/util/WeakHashMap$HashIterator done
Event: 269.179 Loading class java/util/WeakHashMap$KeyIterator done
Event: 269.274 Loading class java/lang/ref/Finalizer$2
Event: 269.275 Loading class java/lang/ref/Finalizer$2 done
Event: 269.275 Loading class java/lang/ref/Finalizer$1
Event: 269.275 Loading class java/lang/ref/Finalizer$1 done
Event: 270.605 Loading class java/util/WeakHashMap$EntrySet
Event: 270.606 Loading class java/util/WeakHashMap$EntrySet done
Event: 270.606 Loading class java/util/WeakHashMap$EntryIterator
Event: 270.607 Loading class java/util/WeakHashMap$EntryIterator done
Event: 272.215 Loading class java/time/DurationEditor
Event: 272.215 Loading class java/time/DurationEditor done

Classes unloaded (20 events):
Event: 613.272 Thread 0x0000022a7fe994b0 Unloading class 0x000000080040a000 'java/lang/invoke/LambdaForm$BMH+0x000000080040a000'
Event: 613.272 Thread 0x0000022a7fe994b0 Unloading class 0x000000080040e800 'java/lang/invoke/LambdaForm$MH+0x000000080040e800'
Event: 613.272 Thread 0x0000022a7fe994b0 Unloading class 0x0000000800410000 'java/lang/invoke/LambdaForm$MH+0x0000000800410000'
Event: 613.272 Thread 0x0000022a7fe994b0 Unloading class 0x0000000800411000 'java/lang/invoke/LambdaForm$MH+0x0000000800411000'
Event: 613.272 Thread 0x0000022a7fe994b0 Unloading class 0x0000000800418400 'java/lang/invoke/LambdaForm$MH+0x0000000800418400'
Event: 613.272 Thread 0x0000022a7fe994b0 Unloading class 0x000000080042d400 'java/lang/invoke/LambdaForm$MH+0x000000080042d400'
Event: 613.272 Thread 0x0000022a7fe994b0 Unloading class 0x0000000800448c00 'java/lang/invoke/LambdaForm$MH+0x0000000800448c00'
Event: 613.272 Thread 0x0000022a7fe994b0 Unloading class 0x000000080044a000 'java/lang/invoke/LambdaForm$MH+0x000000080044a000'
Event: 613.272 Thread 0x0000022a7fe994b0 Unloading class 0x0000000800450800 'java/lang/invoke/LambdaForm$MH+0x0000000800450800'
Event: 613.272 Thread 0x0000022a7fe994b0 Unloading class 0x000000080046c800 'java/lang/invoke/LambdaForm$MH+0x000000080046c800'
Event: 613.272 Thread 0x0000022a7fe994b0 Unloading class 0x0000000800492400 'java/lang/invoke/LambdaForm$MH+0x0000000800492400'
Event: 613.272 Thread 0x0000022a7fe994b0 Unloading class 0x00000008004a9800 'java/lang/invoke/LambdaForm$MH+0x00000008004a9800'
Event: 613.272 Thread 0x0000022a7fe994b0 Unloading class 0x00000008004b0400 'java/lang/invoke/LambdaForm$MH+0x00000008004b0400'
Event: 613.272 Thread 0x0000022a7fe994b0 Unloading class 0x00000008004b1400 'java/lang/invoke/LambdaForm$MH+0x00000008004b1400'
Event: 613.272 Thread 0x0000022a7fe994b0 Unloading class 0x00000008004b1c00 'java/lang/invoke/LambdaForm$MH+0x00000008004b1c00'
Event: 613.272 Thread 0x0000022a7fe994b0 Unloading class 0x00000008004b2400 'java/lang/invoke/LambdaForm$BMH+0x00000008004b2400'
Event: 613.272 Thread 0x0000022a7fe994b0 Unloading class 0x0000000800528800 'java/lang/invoke/LambdaForm$MH+0x0000000800528800'
Event: 617.087 Thread 0x0000022a7fe994b0 Unloading class 0x0000000800185800 'org/apache/catalina/loader/JdbcLeakPrevention'
Event: 617.087 Thread 0x0000022a7fe994b0 Unloading class 0x0000000800511800 'java/lang/invoke/LambdaForm$MH+0x0000000800511800'
Event: 617.087 Thread 0x0000022a7fe994b0 Unloading class 0x0000000800519400 'java/lang/invoke/LambdaForm$MH+0x0000000800519400'

Classes redefined (6 events):
Event: 612.041 Thread 0x0000022a7fe994b0 redefined class name=br.edu.atitus.apisample.controllers.StatusController, count=1
Event: 616.242 Thread 0x0000022a7fe994b0 redefined class name=br.edu.atitus.apisample.controllers.StatusController, count=2
Event: 616.242 Thread 0x0000022a7fe994b0 redefined class name=br.edu.atitus.apisample.controllers.StatusController, count=1
Event: 678.489 Thread 0x0000022a7fe994b0 redefined class name=br.edu.atitus.apisample.controllers.StatusController, count=3
Event: 678.489 Thread 0x0000022a7fe994b0 redefined class name=br.edu.atitus.apisample.controllers.StatusController, count=1
Event: 678.489 Thread 0x0000022a7fe994b0 redefined class name=br.edu.atitus.apisample.controllers.StatusController, count=2

Internal exceptions (20 events):
Event: 272.137 Thread 0x0000022a0ee22b80 Exception <a 'java/io/FileNotFoundException'{0x0000000702f1b368}> (0x0000000702f1b368) 
thrown [s\src\hotspot\share\prims\jni.cpp, line 520]
Event: 272.172 Thread 0x0000022a0ee22b80 Exception <a 'java/io/FileNotFoundException'{0x0000000702fea3a0}> (0x0000000702fea3a0) 
thrown [s\src\hotspot\share\prims\jni.cpp, line 520]
Event: 533.742 Thread 0x0000022a0ee224f0 Exception <a 'java/lang/InterruptedException'{0x0000000707887fe8}: sleep interrupted> (0x0000000707887fe8) 
thrown [s\src\hotspot\share\prims\jvm.cpp, line 3074]
Event: 533.859 Thread 0x0000022a0fb5d500 Exception <a 'sun/nio/fs/WindowsException'{0x0000000711272258}> (0x0000000711272258) 
thrown [s\src\hotspot\share\prims\jni.cpp, line 520]
Event: 534.854 Thread 0x0000022a0fb5d500 Exception <a 'java/lang/NoClassDefFoundError'{0x00000007035c39c8}: org/flywaydb/core/Flyway> (0x00000007035c39c8) 
thrown [s\src\hotspot\share\oops\constantPool.cpp, line 873]
Event: 534.856 Thread 0x0000022a0fb5d500 Exception <a 'java/lang/NoClassDefFoundError'{0x00000007035c4028}: liquibase/integration/spring/SpringLiquibase> (0x00000007035c4028) 
thrown [s\src\hotspot\share\oops\constantPool.cpp, line 873]
Event: 535.029 Thread 0x0000022a0fb5d500 Exception <a 'java/io/FileNotFoundException'{0x00000007031952f8}> (0x00000007031952f8) 
thrown [s\src\hotspot\share\prims\jni.cpp, line 520]
Event: 535.062 Thread 0x0000022a0fb5d500 Exception <a 'java/io/FileNotFoundException'{0x0000000702e5b640}> (0x0000000702e5b640) 
thrown [s\src\hotspot\share\prims\jni.cpp, line 520]
Event: 613.245 Thread 0x0000022a0fb61d30 Exception <a 'java/lang/InterruptedException'{0x0000000707a2def8}: sleep interrupted> (0x0000000707a2def8) 
thrown [s\src\hotspot\share\prims\jvm.cpp, line 3074]
Event: 613.335 Thread 0x0000022a0fb5c7e0 Exception <a 'sun/nio/fs/WindowsException'{0x0000000711277850}> (0x0000000711277850) 
thrown [s\src\hotspot\share\prims\jni.cpp, line 520]
Event: 614.100 Thread 0x0000022a0fb5c7e0 Exception <a 'java/lang/NoClassDefFoundError'{0x0000000703586590}: org/flywaydb/core/Flyway> (0x0000000703586590) 
thrown [s\src\hotspot\share\oops\constantPool.cpp, line 873]
Event: 614.102 Thread 0x0000022a0fb5c7e0 Exception <a 'java/lang/NoClassDefFoundError'{0x0000000703586bf0}: liquibase/integration/spring/SpringLiquibase> (0x0000000703586bf0) 
thrown [s\src\hotspot\share\oops\constantPool.cpp, line 873]
Event: 614.223 Thread 0x0000022a0fb5c7e0 Exception <a 'java/io/FileNotFoundException'{0x000000070315a798}> (0x000000070315a798) 
thrown [s\src\hotspot\share\prims\jni.cpp, line 520]
Event: 614.246 Thread 0x0000022a0fb5c7e0 Exception <a 'java/io/FileNotFoundException'{0x0000000702e1f4b0}> (0x0000000702e1f4b0) 
thrown [s\src\hotspot\share\prims\jni.cpp, line 520]
Event: 617.057 Thread 0x0000022a0fb5ce70 Exception <a 'java/lang/InterruptedException'{0x00000007113c51e8}: sleep interrupted> (0x00000007113c51e8) 
thrown [s\src\hotspot\share\prims\jvm.cpp, line 3074]
Event: 617.145 Thread 0x0000022a0fb602f0 Exception <a 'sun/nio/fs/WindowsException'{0x0000000711271ac0}> (0x0000000711271ac0) 
thrown [s\src\hotspot\share\prims\jni.cpp, line 520]
Event: 617.622 Thread 0x0000022a0fb602f0 Exception <a 'java/lang/NoClassDefFoundError'{0x000000070358e8d8}: org/flywaydb/core/Flyway> (0x000000070358e8d8) 
thrown [s\src\hotspot\share\oops\constantPool.cpp, line 873]
Event: 617.623 Thread 0x0000022a0fb602f0 Exception <a 'java/lang/NoClassDefFoundError'{0x000000070358ef38}: liquibase/integration/spring/SpringLiquibase> (0x000000070358ef38) 
thrown [s\src\hotspot\share\oops\constantPool.cpp, line 873]
Event: 617.768 Thread 0x0000022a0fb602f0 Exception <a 'java/io/FileNotFoundException'{0x00000007031613d0}> (0x00000007031613d0) 
thrown [s\src\hotspot\share\prims\jni.cpp, line 520]
Event: 617.794 Thread 0x0000022a0fb602f0 Exception <a 'java/io/FileNotFoundException'{0x0000000702e27750}> (0x0000000702e27750) 
thrown [s\src\hotspot\share\prims\jni.cpp, line 520]

ZGC Phase Switch (0 events):
No events

VM Operations (20 events):
Event: 667.235 Executing VM operation: get/set locals
Event: 667.235 Executing VM operation: get/set locals done
Event: 667.237 Executing VM operation: get/set locals
Event: 667.237 Executing VM operation: get/set locals done
Event: 667.242 Executing VM operation: get/set locals
Event: 667.242 Executing VM operation: get/set locals done
Event: 667.245 Executing VM operation: get/set locals
Event: 667.246 Executing VM operation: get/set locals done
Event: 667.248 Executing VM operation: get/set locals
Event: 667.248 Executing VM operation: get/set locals done
Event: 667.250 Executing VM operation: get/set locals
Event: 667.250 Executing VM operation: get/set locals done
Event: 678.452 Executing VM operation: ChangeSingleStep
Event: 678.452 Executing VM operation: ChangeSingleStep done
Event: 678.452 Executing VM operation: ChangeSingleStep
Event: 678.452 Executing VM operation: ChangeSingleStep done
Event: 678.479 Executing VM operation: RedefineClasses
Event: 678.511 Executing VM operation: RedefineClasses done
Event: 678.516 Executing VM operation: ChangeSingleStep
Event: 678.516 Executing VM operation: ChangeSingleStep done

Memory protections (0 events):
No events

Nmethod flushes (20 events):
Event: 617.096 Thread 0x0000022a7fe994b0 flushing  nmethod 0x0000022a008b3f10
Event: 617.096 Thread 0x0000022a7fe994b0 flushing  nmethod 0x0000022a008b4b90
Event: 617.096 Thread 0x0000022a7fe994b0 flushing  nmethod 0x0000022a008b6a10
Event: 617.096 Thread 0x0000022a7fe994b0 flushing  nmethod 0x0000022a008c4690
Event: 617.096 Thread 0x0000022a7fe994b0 flushing  nmethod 0x0000022a008c4a90
Event: 617.096 Thread 0x0000022a7fe994b0 flushing  nmethod 0x0000022a008c8a10
Event: 617.096 Thread 0x0000022a7fe994b0 flushing  nmethod 0x0000022a008c9190
Event: 617.096 Thread 0x0000022a7fe994b0 flushing  nmethod 0x0000022a008cc710
Event: 617.096 Thread 0x0000022a7fe994b0 flushing  nmethod 0x0000022a008ccc10
Event: 617.096 Thread 0x0000022a7fe994b0 flushing  nmethod 0x0000022a008d1490
Event: 617.096 Thread 0x0000022a7fe994b0 flushing  nmethod 0x0000022a008ef410
Event: 617.096 Thread 0x0000022a7fe994b0 flushing  nmethod 0x0000022a008f4e90
Event: 617.096 Thread 0x0000022a7fe994b0 flushing  nmethod 0x0000022a00901a90
Event: 617.096 Thread 0x0000022a7fe994b0 flushing  nmethod 0x0000022a00903990
Event: 617.096 Thread 0x0000022a7fe994b0 flushing  nmethod 0x0000022a0090ac10
Event: 617.096 Thread 0x0000022a7fe994b0 flushing  nmethod 0x0000022a00910390
Event: 617.096 Thread 0x0000022a7fe994b0 flushing  nmethod 0x0000022a0091e290
Event: 617.096 Thread 0x0000022a7fe994b0 flushing  nmethod 0x0000022a0091f610
Event: 617.096 Thread 0x0000022a7fe994b0 flushing  nmethod 0x0000022a00920290
Event: 617.096 Thread 0x0000022a7fe994b0 flushing  nmethod 0x0000022a00929c90

Events (20 events):
Event: 617.978 Thread 0x0000022a0fb602f0 Thread added: 0x0000022a0fb5ce70
Event: 617.981 Thread 0x0000022a0fb602f0 Thread added: 0x0000022a0fb61d30
Event: 617.982 Thread 0x0000022a0fb602f0 Thread added: 0x0000022a0fb63770
Event: 617.983 Thread 0x0000022a0fb602f0 Thread added: 0x0000022a0fb5c7e0
Event: 617.983 Thread 0x0000022a0fb602f0 Thread added: 0x0000022a0fb5ef40
Event: 617.983 Thread 0x0000022a0fb602f0 Thread added: 0x0000022a0fb60980
Event: 617.984 Thread 0x0000022a0fb602f0 Thread added: 0x0000022a0fb5d500
Event: 617.984 Thread 0x0000022a0fb602f0 Thread added: 0x0000022a0fb5db90
Event: 617.990 Thread 0x0000022a0fb602f0 Thread added: 0x0000022a0fb5e220
Event: 617.991 Thread 0x0000022a0fb602f0 Thread added: 0x0000022a0ee238a0
Event: 618.005 Thread 0x0000022a0ee21140 Thread added: 0x0000022a0ee20ab0
Event: 618.007 Thread 0x0000022a0ee23210 Thread added: 0x0000022a0ee224f0
Event: 618.016 Thread 0x0000022a0ee23210 Thread added: 0x0000022a0990ada0
Event: 618.025 Thread 0x0000022a0ee224f0 Thread exited: 0x0000022a0ee224f0
Event: 618.026 Thread 0x0000022a0990ada0 Thread exited: 0x0000022a0990ada0
Event: 618.032 Thread 0x0000022a0fb602f0 Thread exited: 0x0000022a0fb602f0
Event: 618.032 Thread 0x0000022a0990db90 Thread exited: 0x0000022a0990db90
Event: 619.009 Thread 0x0000022a0ee20ab0 Thread exited: 0x0000022a0ee20ab0
Event: 619.018 Thread 0x0000022a0ee23210 Thread added: 0x0000022a0990ada0
Event: 620.071 Thread 0x0000022a0990ada0 Thread exited: 0x0000022a0990ada0


Dynamic libraries:
0x00007ff7f0090000 - 0x00007ff7f009e000 	D:\Program Files\eclipse\plugins\org.eclipse.justj.openjdk.hotspot.jre.full.win32.x86_64_21.0.4.v20240802-1551\jre\bin\javaw.exe
0x00007fffa5690000 - 0x00007fffa5888000 	C:\WINDOWS\SYSTEM32\ntdll.dll
0x00007fffa45b0000 - 0x00007fffa4671000 	C:\WINDOWS\System32\KERNEL32.DLL
0x00007fffa2fd0000 - 0x00007fffa32cd000 	C:\WINDOWS\System32\KERNELBASE.dll
0x00007fffa33f0000 - 0x00007fffa34f0000 	C:\WINDOWS\System32\ucrtbase.dll
0x00007fff6dc20000 - 0x00007fff6dc38000 	D:\Program Files\eclipse\plugins\org.eclipse.justj.openjdk.hotspot.jre.full.win32.x86_64_21.0.4.v20240802-1551\jre\bin\jli.dll
0x00007fffa4410000 - 0x00007fffa45ad000 	C:\WINDOWS\System32\USER32.dll
0x00007fffa34f0000 - 0x00007fffa3512000 	C:\WINDOWS\System32\win32u.dll
0x00007fffa3d90000 - 0x00007fffa3dbb000 	C:\WINDOWS\System32\GDI32.dll
0x00007fffa3570000 - 0x00007fffa3687000 	C:\WINDOWS\System32\gdi32full.dll
0x00007fffa2d10000 - 0x00007fffa2dad000 	C:\WINDOWS\System32\msvcp_win.dll
0x00007fff6d660000 - 0x00007fff6d67b000 	D:\Program Files\eclipse\plugins\org.eclipse.justj.openjdk.hotspot.jre.full.win32.x86_64_21.0.4.v20240802-1551\jre\bin\VCRUNTIME140.dll
0x00007fff8a6a0000 - 0x00007fff8a93a000 	C:\WINDOWS\WinSxS\amd64_microsoft.windows.common-controls_6595b64144ccf1df_6.0.19041.4355_none_60b8b9eb71f62e16\COMCTL32.dll
0x00007fffa4370000 - 0x00007fffa440e000 	C:\WINDOWS\System32\msvcrt.dll
0x00007fffa3e20000 - 0x00007fffa3e4f000 	C:\WINDOWS\System32\IMM32.DLL
0x00007fff99060000 - 0x00007fff9906c000 	D:\Program Files\eclipse\plugins\org.eclipse.justj.openjdk.hotspot.jre.full.win32.x86_64_21.0.4.v20240802-1551\jre\bin\vcruntime140_1.dll
0x00007fff69be0000 - 0x00007fff69c6e000 	D:\Program Files\eclipse\plugins\org.eclipse.justj.openjdk.hotspot.jre.full.win32.x86_64_21.0.4.v20240802-1551\jre\bin\msvcp140.dll
0x00007ffe94bc0000 - 0x00007ffe95948000 	D:\Program Files\eclipse\plugins\org.eclipse.justj.openjdk.hotspot.jre.full.win32.x86_64_21.0.4.v20240802-1551\jre\bin\server\jvm.dll
0x00007fffa4230000 - 0x00007fffa42e0000 	C:\WINDOWS\System32\ADVAPI32.dll
0x00007fffa36a0000 - 0x00007fffa3740000 	C:\WINDOWS\System32\sechost.dll
0x00007fffa4050000 - 0x00007fffa4173000 	C:\WINDOWS\System32\RPCRT4.dll
0x00007fffa2f10000 - 0x00007fffa2f37000 	C:\WINDOWS\System32\bcrypt.dll
0x00007fffa53f0000 - 0x00007fffa545b000 	C:\WINDOWS\System32\WS2_32.dll
0x00007fffa2240000 - 0x00007fffa228b000 	C:\WINDOWS\SYSTEM32\POWRPROF.dll
0x00007fff7dd60000 - 0x00007fff7dd87000 	C:\WINDOWS\SYSTEM32\WINMM.dll
0x00007fff97500000 - 0x00007fff9750a000 	C:\WINDOWS\SYSTEM32\VERSION.dll
0x00007fffa2100000 - 0x00007fffa2112000 	C:\WINDOWS\SYSTEM32\UMPDC.dll
0x00007fffa0d70000 - 0x00007fffa0d82000 	C:\WINDOWS\SYSTEM32\kernel.appcore.dll
0x00007fff99a60000 - 0x00007fff99a6a000 	D:\Program Files\eclipse\plugins\org.eclipse.justj.openjdk.hotspot.jre.full.win32.x86_64_21.0.4.v20240802-1551\jre\bin\jimage.dll
0x00007fffa08b0000 - 0x00007fffa0a94000 	C:\WINDOWS\SYSTEM32\DBGHELP.DLL
0x00007fff97b30000 - 0x00007fff97b64000 	C:\WINDOWS\SYSTEM32\dbgcore.DLL
0x00007fffa2f40000 - 0x00007fffa2fc2000 	C:\WINDOWS\System32\bcryptPrimitives.dll
0x00007fff6bef0000 - 0x00007fff6bf2c000 	D:\Program Files\eclipse\plugins\org.eclipse.justj.openjdk.hotspot.jre.full.win32.x86_64_21.0.4.v20240802-1551\jre\bin\jdwp.dll
0x00007fff86e20000 - 0x00007fff86e2f000 	D:\Program Files\eclipse\plugins\org.eclipse.justj.openjdk.hotspot.jre.full.win32.x86_64_21.0.4.v20240802-1551\jre\bin\instrument.dll
0x00007fff999d0000 - 0x00007fff999ef000 	D:\Program Files\eclipse\plugins\org.eclipse.justj.openjdk.hotspot.jre.full.win32.x86_64_21.0.4.v20240802-1551\jre\bin\java.dll
0x00007fff98ab0000 - 0x00007fff98ac8000 	D:\Program Files\eclipse\plugins\org.eclipse.justj.openjdk.hotspot.jre.full.win32.x86_64_21.0.4.v20240802-1551\jre\bin\zip.dll
0x00007fffa4680000 - 0x00007fffa4def000 	C:\WINDOWS\System32\SHELL32.dll
0x00007fffa0d90000 - 0x00007fffa152f000 	C:\WINDOWS\SYSTEM32\windows.storage.dll
0x00007fffa3880000 - 0x00007fffa3bd3000 	C:\WINDOWS\System32\combase.dll
0x00007fffa2730000 - 0x00007fffa275e000 	C:\WINDOWS\SYSTEM32\Wldp.dll
0x00007fffa3e50000 - 0x00007fffa3f1d000 	C:\WINDOWS\System32\OLEAUT32.dll
0x00007fffa4180000 - 0x00007fffa422d000 	C:\WINDOWS\System32\SHCORE.dll
0x00007fffa5390000 - 0x00007fffa53e5000 	C:\WINDOWS\System32\shlwapi.dll
0x00007fffa2c40000 - 0x00007fffa2c64000 	C:\WINDOWS\SYSTEM32\profapi.dll
0x00007fff84b60000 - 0x00007fff84b6b000 	D:\Program Files\eclipse\plugins\org.eclipse.justj.openjdk.hotspot.jre.full.win32.x86_64_21.0.4.v20240802-1551\jre\bin\dt_socket.dll
0x00007fffa2120000 - 0x00007fffa215b000 	C:\WINDOWS\SYSTEM32\IPHLPAPI.DLL
0x00007fffa2490000 - 0x00007fffa24fa000 	C:\WINDOWS\system32\mswsock.dll
0x00007fffa2160000 - 0x00007fffa222a000 	C:\WINDOWS\SYSTEM32\DNSAPI.dll
0x00007fffa5380000 - 0x00007fffa5388000 	C:\WINDOWS\System32\NSI.dll
0x00007fff95810000 - 0x00007fff9581a000 	C:\Windows\System32\rasadhlp.dll
0x00007fff94e90000 - 0x00007fff94f10000 	C:\WINDOWS\System32\fwpuclnt.dll
0x00007fff9a2c0000 - 0x00007fff9a2d0000 	D:\Program Files\eclipse\plugins\org.eclipse.justj.openjdk.hotspot.jre.full.win32.x86_64_21.0.4.v20240802-1551\jre\bin\net.dll
0x00007fff96300000 - 0x00007fff9640d000 	C:\WINDOWS\SYSTEM32\WINHTTP.dll
0x00007fff98a60000 - 0x00007fff98a76000 	D:\Program Files\eclipse\plugins\org.eclipse.justj.openjdk.hotspot.jre.full.win32.x86_64_21.0.4.v20240802-1551\jre\bin\nio.dll
0x00007fff793c0000 - 0x00007fff793ca000 	D:\Program Files\eclipse\plugins\org.eclipse.justj.openjdk.hotspot.jre.full.win32.x86_64_21.0.4.v20240802-1551\jre\bin\management.dll
0x00007fff79340000 - 0x00007fff7934b000 	D:\Program Files\eclipse\plugins\org.eclipse.justj.openjdk.hotspot.jre.full.win32.x86_64_21.0.4.v20240802-1551\jre\bin\management_ext.dll
0x00007fffa4f00000 - 0x00007fffa4f08000 	C:\WINDOWS\System32\PSAPI.DLL
0x00007fff6e2c0000 - 0x00007fff6e2d7000 	C:\WINDOWS\system32\napinsp.dll
0x00007fff6e2e0000 - 0x00007fff6e2fb000 	C:\WINDOWS\system32\pnrpnsp.dll
0x00007fff7db90000 - 0x00007fff7dba5000 	C:\WINDOWS\system32\wshbth.dll
0x00007fff987a0000 - 0x00007fff987bd000 	C:\WINDOWS\system32\NLAapi.dll
0x00007fff6e4b0000 - 0x00007fff6e4c2000 	C:\WINDOWS\System32\winrnr.dll
0x00007fffa2680000 - 0x00007fffa2698000 	C:\WINDOWS\SYSTEM32\CRYPTSP.dll
0x00007fffa1d40000 - 0x00007fffa1d74000 	C:\WINDOWS\system32\rsaenh.dll
0x00007fffa2bf0000 - 0x00007fffa2c1e000 	C:\WINDOWS\SYSTEM32\USERENV.dll
0x00007fffa26a0000 - 0x00007fffa26ac000 	C:\WINDOWS\SYSTEM32\CRYPTBASE.dll
0x00007fff97b70000 - 0x00007fff97b79000 	D:\Program Files\eclipse\plugins\org.eclipse.justj.openjdk.hotspot.jre.full.win32.x86_64_21.0.4.v20240802-1551\jre\bin\extnet.dll
0x00007fff99960000 - 0x00007fff99970000 	D:\Program Files\eclipse\plugins\org.eclipse.justj.openjdk.hotspot.jre.full.win32.x86_64_21.0.4.v20240802-1551\jre\bin\verify.dll
0x00007fff99080000 - 0x00007fff9908e000 	D:\Program Files\eclipse\plugins\org.eclipse.justj.openjdk.hotspot.jre.full.win32.x86_64_21.0.4.v20240802-1551\jre\bin\sunmscapi.dll
0x00007fffa2db0000 - 0x00007fffa2f0e000 	C:\WINDOWS\System32\CRYPT32.dll
0x00007fffa27a0000 - 0x00007fffa27c9000 	C:\WINDOWS\SYSTEM32\ncrypt.dll
0x00007fffa2760000 - 0x00007fffa279b000 	C:\WINDOWS\SYSTEM32\NTASN1.dll
0x00007fff942e0000 - 0x00007fff942e7000 	C:\WINDOWS\system32\wshunix.dll

dbghelp: loaded successfully - version: 4.0.5 - missing functions: none
symbol engine: initialized successfully - sym options: 0x614 - pdb path: .;D:\Program Files\eclipse\plugins\org.eclipse.justj.openjdk.hotspot.jre.full.win32.x86_64_21.0.4.v20240802-1551\jre\bin;C:\WINDOWS\SYSTEM32;C:\WINDOWS\WinSxS\amd64_microsoft.windows.common-controls_6595b64144ccf1df_6.0.19041.4355_none_60b8b9eb71f62e16;D:\Program Files\eclipse\plugins\org.eclipse.justj.openjdk.hotspot.jre.full.win32.x86_64_21.0.4.v20240802-1551\jre\bin\server

VM Arguments:
jvm_args: -XX:+ShowCodeDetailsInExceptionMessages -agentlib:jdwp=transport=dt_socket,suspend=y,address=localhost:53837 -Dcom.sun.management.jmxremote -Dcom.sun.management.jmxremote.port=53835 -Dcom.sun.management.jmxremote.authenticate=false -Dcom.sun.management.jmxremote.ssl=false -Djava.rmi.server.hostname=localhost -Dspring.jmx.enabled=true -Dmanagement.endpoints.jmx.exposure.include=* -Dspring.application.admin.enabled=true -XX:TieredStopAtLevel=1 -Dspring.boot.project.name=APISample -javaagent:C:\Users\Pablo\.eclipse\org.eclipse.platform_4.33.0_1642973728_win32_win32_x86_64\configuration\org.eclipse.osgi\446\0\.cp\lib\javaagent-shaded.jar -Dfile.encoding=UTF-8 -Dstdout.encoding=UTF-8 -Dstderr.encoding=UTF-8 
java_command: br.edu.atitus.apisample.ApiSampleApplication --spring.output.ansi.enabled=always
java_class_path (initial): D:\Users\Pablo\eclipse-workspace\APISample\target\classes;C:\Users\Pablo\.m2\repository\org\springframework\boot\spring-boot-starter-web\3.3.5\spring-boot-starter-web-3.3.5.jar;C:\Users\Pablo\.m2\repository\org\springframework\boot\spring-boot-starter\3.3.5\spring-boot-starter-3.3.5.jar;C:\Users\Pablo\.m2\repository\org\springframework\boot\spring-boot-starter-logging\3.3.5\spring-boot-starter-logging-3.3.5.jar;C:\Users\Pablo\.m2\repository\ch\qos\logback\logback-classic\1.5.11\logback-classic-1.5.11.jar;C:\Users\Pablo\.m2\repository\ch\qos\logback\logback-core\1.5.11\logback-core-1.5.11.jar;C:\Users\Pablo\.m2\repository\org\apache\logging\log4j\log4j-to-slf4j\2.23.1\log4j-to-slf4j-2.23.1.jar;C:\Users\Pablo\.m2\repository\org\apache\logging\log4j\log4j-api\2.23.1\log4j-api-2.23.1.jar;C:\Users\Pablo\.m2\repository\org\slf4j\jul-to-slf4j\2.0.16\jul-to-slf4j-2.0.16.jar;C:\Users\Pablo\.m2\repository\jakarta\annotation\jakarta.annotation-api\2.1.1\jakarta.annotation-api-2.1.1.jar;C:\Users\Pablo\.m2\repository\org\yaml\snakeyaml\2.2\snakeyaml-2.2.jar;C:\Users\Pablo\.m2\repository\org\springframework\boot\spring-boot-starter-json\3.3.5\spring-boot-starter-json-3.3.5.jar;C:\Users\Pablo\.m2\repository\com\fasterxml\jackson\core\jackson-databind\2.17.2\jackson-databind-2.17.2.jar;C:\Users\Pablo\.m2\repository\com\fasterxml\jackson\core\jackson-annotations\2.17.2\jackson-annotations-2.17.2.jar;C:\Users\Pablo\.m2\repository\com\fasterxml\jackson\core\jackson-core\2.17.2\jackson-core-2.17.2.jar;C:\Users\Pablo\.m2\repository\com\fasterxml\jackson\datatype\jackson-datatype-jdk8\2.17.2\jackson-datatype-jdk8-2.17.2.jar;C:\Users\Pablo\.m2\repository\com\fasterxml\jackson\datatype\jackson-datatype-jsr310\2.17.2\jackson-datatype-jsr310-2.17.2.jar;C:\Users\Pablo\.m2\repository\com\fasterxml\jackson\module\jackson-module-parameter-names\2.17.2\jackson-module-parameter-names-2.17.2.jar;C:\Users\Pablo\.m2\repository\org\springframework\boot\spring-boot-starter-tomcat\3.3.5\spring-boot-starter-tomcat-3.3.5.jar;C:\Users\Pablo\.m2\repository\org\apache\tomcat\embed\tomcat-embed-core\10.1.31\tomcat-embed-core-10.1.31.jar;C:\Users\Pablo\.m2\repository\org\apache\tomcat\embed\tomcat-embed-el\10.1.31\tomcat-embed-el-10.1.31.jar;C:\Users\Pablo\.m2\repository\org\apache\tomcat\embed\tomcat-embed-websocket\10.1.31\tomcat-embed-websocket-10.1.31.jar;C:\Users\Pablo\.m2\repository\org\springframework\spring-web\6.1.14\spring-web-6.1.14.jar;C:\Users\Pablo\.m2\repository\org\springframework\spring-beans\6.1.14\spring-beans-6.1.14.jar;C:\Users\Pablo\.m2\repository\io\micrometer\micrometer-observation\1.13.6\micrometer-observation-1.13.6.jar;C:\Users\Pablo\.m2\repository\io\micrometer\micrometer-commons\1.13.6\micrometer-commons-1.13.6.jar;C:\Users\Pablo\.m2\repository\org\springframework\spring-webmvc\6.1.14\spring-webmvc-6.1.14.jar;C:\Users\Pablo\.m2\repository\org\springframework\spring-aop\6.1.14\spring-aop-6.1.14.jar;C:\Users\Pablo\.m2\repository\org\springframework\spring-context\6.1.14\spring-context-6.1.14.jar;C:\Users\Pablo\.m2\repository\org\springframework\spring-expression\6.1.14\spring-expression-6.1.14.jar;C:\Users\Pablo\.m2\repository\org\springframework\boot\spring-boot-devtools\3.3.5\spring-boot-devtools-3.3.5.jar;C:\Users\Pablo\.m2\repository\org\springframework\boot\spring-boot\3.3.5\spring-boot-3.3.5.jar;C:\Users\Pablo\.m2\repository\org\springframework\boot\spring-boot-autoconfigure\3.3.5\spring-boot-autoconfigure-3.3.5.jar;C:\Users\Pablo\.m2\repository\org\slf4j\slf4j-api\2.0.16\slf4j-api-2.0.16.jar;C:\Users\Pablo\.m2\repository\org\springframework\spring-core\6.1.14\spring-core-6.1.14.jar;C:\Users\Pablo\.m2\repository\org\springframework\spring-jcl\6.1.14\spring-jcl-6.1.14.jar
Launcher Type: SUN_STANDARD

[Global flags]
     intx CICompilerCount                          = 3                                         {product} {ergonomic}
     uint ConcGCThreads                            = 1                                         {product} {ergonomic}
     uint G1ConcRefinementThreads                  = 4                                         {product} {ergonomic}
   size_t G1HeapRegionSize                         = 2097152                                   {product} {ergonomic}
    uintx GCDrainStackTargetSize                   = 64                                        {product} {ergonomic}
   size_t InitialHeapSize                          = 268435456                                 {product} {ergonomic}
     bool ManagementServer                         = true                                      {product} {command line}
   size_t MarkStackSize                            = 4194304                                   {product} {ergonomic}
   size_t MaxHeapSize                              = 4273995776                                {product} {ergonomic}
   size_t MaxNewSize                               = 2562719744                                {product} {ergonomic}
   size_t MinHeapDeltaBytes                        = 2097152                                   {product} {ergonomic}
   size_t MinHeapSize                              = 8388608                                   {product} {ergonomic}
    uintx NonNMethodCodeHeapSize                   = 4096                                   {pd product} {ergonomic}
    uintx NonProfiledCodeHeapSize                  = 0                                      {pd product} {ergonomic}
     bool ProfileInterpreter                       = false                                  {pd product} {command line}
    uintx ProfiledCodeHeapSize                     = 0                                      {pd product} {ergonomic}
     bool ShowCodeDetailsInExceptionMessages       = true                                   {manageable} {command line}
   size_t SoftMaxHeapSize                          = 4273995776                             {manageable} {ergonomic}
     intx TieredStopAtLevel                        = 1                                         {product} {command line}
     bool UseCompressedOops                        = true                           {product lp64_product} {ergonomic}
     bool UseG1GC                                  = true                                      {product} {ergonomic}
     bool UseLargePagesIndividualAllocation        = false                                  {pd product} {ergonomic}

Logging:
Log output configuration:
 #0: stdout all=warning uptime,level,tags foldmultilines=false
 #1: stderr all=off uptime,level,tags foldmultilines=false

Environment Variables:
PATH=D:\Program Files\eclipse\plugins\org.eclipse.justj.openjdk.hotspot.jre.full.win32.x86_64_21.0.4.v20240802-1551\jre\bin;D:/Program Files/eclipse//plugins/org.eclipse.justj.openjdk.hotspot.jre.full.win32.x86_64_21.0.4.v20240802-1551/jre/bin/server;D:/Program Files/eclipse//plugins/org.eclipse.justj.openjdk.hotspot.jre.full.win32.x86_64_21.0.4.v20240802-1551/jre/bin;C:\Program Files\Common Files\Oracle\Java\javapath;C:\WINDOWS\system32;C:\WINDOWS;C:\WINDOWS\System32\Wbem;C:\WINDOWS\System32\WindowsPowerShell\v1.0\;C:\WINDOWS\System32\OpenSSH\;D:\Program Files\nodejs\;D:\Users\Pablo\Git\cmd;C:\Program Files\dotnet\;C:\Program Files (x86)\dotnet\;C:\Program Files\Microsoft SQL Server\150\Tools\Binn\;C:\Program Files\Microsoft SQL Server\Client SDK\ODBC\170\Tools\Binn\;C:\Program Files (x86)\Microsoft SQL Server\160\Tools\Binn\;C:\Program Files\Microsoft SQL Server\160\Tools\Binn\;C:\Program Files\Microsoft SQL Server\160\DTS\Binn\;C:\Program Files (x86)\Microsoft SQL Server\160\DTS\Binn\;C:\Users\Pablo\AppData\Local\Programs\Python\Python311\Scripts\;C:\Users\Pablo\AppData\Local\Programs\Python\Python311\;C:\Users\Pablo\AppData\Local\Microsoft\WindowsApps;D:\Users\Pablo\AppData\Local\Programs\Microsoft VS Code\bin;C:\Users\Pablo\AppData\Roaming\npm;C:\Users\Pablo\.dotnet\tools;C:\Program Files\Azure Data Studio\bin;D:\Program Files\eclipse;
USERNAME=Pablo
OS=Windows_NT
PROCESSOR_IDENTIFIER=Intel64 Family 6 Model 142 Stepping 10, GenuineIntel
TMP=C:\Users\Pablo\AppData\Local\Temp
TEMP=C:\Users\Pablo\AppData\Local\Temp




Periodic native trim disabled

---------------  S Y S T E M  ---------------

OS:
 Windows 10 , 64 bit Build 19041 (10.0.19041.4717)
OS uptime: 34 days 21:53 hours

CPU: total 4 (initial active 4) (2 cores per cpu, 2 threads per core) family 6 model 142 stepping 10 microcode 0xb4, cx8, cmov, fxsr, ht, mmx, 3dnowpref, sse, sse2, sse3, ssse3, sse4.1, sse4.2, popcnt, lzcnt, tsc, tscinvbit, avx, avx2, aes, erms, clmul, bmi1, bmi2, adx, fma, vzeroupper, clflush, clflushopt, rdtscp, f16c
Processor Information for processor 0
  Max Mhz: 2304, Current Mhz: 2304, Mhz Limit: 2304
Processor Information for processor 1
  Max Mhz: 2304, Current Mhz: 1402, Mhz Limit: 2304
Processor Information for processor 2
  Max Mhz: 2304, Current Mhz: 2304, Mhz Limit: 2304
Processor Information for processor 3
  Max Mhz: 2304, Current Mhz: 2304, Mhz Limit: 2304

Memory: 4k page, system-wide physical 16298M (3782M free)
TotalPageFile size 27085M (AvailPageFile size 3526M)
current process WorkingSet (physical memory assigned to process): 164M, peak: 204M
current process commit charge ("private bytes"): 291M, peak: 353M

vm_info: OpenJDK 64-Bit Server VM (21.0.4+7-LTS) for windows-amd64 JRE (21.0.4+7-LTS), built on 2024-07-16T00:00:00Z by "admin" with MS VC++ 17.7 (VS2022)

END.
